[106月2026 01:25:14.791] [main/INFO] [net.neoforged.fml.startup.Entrypoint/]: JVM Uptime at startup: 102ms
[106月2026 01:25:15.123] [main/INFO] [net.neoforged.fml.loading.FMLLoader/]: Starting FancyModLoader version 11.0.13 (CLIENT in DEV)
[106月2026 01:25:15.124] [main/INFO] [net.neoforged.fml.loading.FMLLoader/]: Game directory: J:\minecraft orgenal mod with GPT\polluted_world\neoforge\run
[106月2026 01:25:15.164] [main/INFO] [net.neoforged.fml.loading.EarlyServiceDiscovery/]: Found 2 early service jars (out of 107) in 11ms
[106月2026 01:25:15.164] [main/INFO] [net.neoforged.fml.loading.FMLLoader/]: Loading FML Early Services:
[106月2026 01:25:15.166] [main/INFO] [net.neoforged.fml.loading.FMLLoader/]:  - C:/Users/Owner/.gradle/caches/modules-2/files-2.1/net.neoforged.fancymodloader/loader/11.0.13/c9c89eaf35535990110088224d188748d81eaecf/loader-11.0.13.jar
[106月2026 01:25:15.166] [main/INFO] [net.neoforged.fml.loading.FMLLoader/]:  - C:/Users/Owner/.gradle/caches/modules-2/files-2.1/net.neoforged.fancymodloader/earlydisplay/11.0.13/491a1bedecb33802fa118cae384b60f91f6f0241/earlydisplay-11.0.13.jar
[106月2026 01:25:15.169] [main/INFO] [net.neoforged.fml.loading.ImmediateWindowHandler/]: Loading ImmediateWindowProvider fmlearlywindow
[106月2026 01:25:15.589] [ForkJoinPool.commonPool-worker-12/INFO] [net.neoforged.fml.loading.moddiscovery.locators.GameLocator/]: Detected a joined NeoForge and Minecraft configuration. Applying filtering...
[106月2026 01:25:15.634] [fml-loadingscreen/INFO] [net.neoforged.fml.earlydisplay.render.LoadingScreenRenderer/]: GL info: NVIDIA GeForce GTX 1650/PCIe/SSE2 GL version 3.3.0 NVIDIA 596.49, NVIDIA Corporation
[106月2026 01:25:15.635] [ForkJoinPool.commonPool-worker-12/INFO] [net.neoforged.fml.loading.moddiscovery.locators.InDevFolderLocator/CORE]: Got mod coordinates polluted_world%%J:\minecraft orgenal mod with GPT\polluted_world\neoforge\build\classes\java\main;polluted_world%%J:\minecraft orgenal mod with GPT\polluted_world\neoforge\build\resources\main from env
[106月2026 01:25:15.770] [ForkJoinPool.commonPool-worker-12/INFO] [net.neoforged.fml.loading.moddiscovery.locators.JarInJarDependencyLocator/]: Found 2 dependencies adding them to mods collection
[106月2026 01:25:15.771] [ForkJoinPool.commonPool-worker-12/INFO] [net.neoforged.fml.loading.moddiscovery.ModDiscoverer/]: 
     Mod List:
		Name Version (Mod Id)

		Minecraft 26.1.2 (minecraft)
		NeoForge 26.1.2.43-beta (neoforge)
		polluted_world 1.4.3 (polluted_world)
[106月2026 01:25:15.885] [main/INFO] [mixin/]: SpongePowered MIXIN Subsystem Version=0.8.7 Source=file:/C:/Users/Owner/.gradle/caches/modules-2/files-2.1/net.fabricmc/sponge-mixin/0.17.3+mixin.0.8.7/41c4a3984a80f4679e759fb9f495587acc5cdac7/sponge-mixin-0.17.3+mixin.0.8.7.jar Service=FML Env=CLIENT
[106月2026 01:25:15.897] [main/INFO] [net.neoforged.fml.loading.FMLLoader/]: Loading FML Plugins:
[106月2026 01:25:15.898] [main/INFO] [net.neoforged.fml.loading.FMLLoader/]:  - C:/Users/Owner/.gradle/caches/modules-2/files-2.1/net.neoforged/neoforge/26.1.2.43-beta/6b8b2150f4db76b1ac1890aba0033359fd84abba/neoforge-26.1.2.43-beta-universal.jar > net.neoforged.neoforge-coremods-26.1.2.43-beta.jar
[106月2026 01:25:15.943] [main/INFO] [net.neoforged.fml.loading.FMLLoader/]: Building game content classloader:
 - minecraft (composite(filtered(jar(J:/minecraft orgenal mod with GPT/polluted_world/neoforge/build/moddev/artifacts/minecraft-patched-26.1.2.43-beta.jar)), filtered(jar(J:/minecraft orgenal mod with GPT/polluted_world/neoforge/build/moddev/artifacts/minecraft-patched-26.1.2.43-beta.jar))))
 - mixinextras.neoforge (jar(C:/Users/Owner/.gradle/caches/modules-2/files-2.1/net.neoforged/neoforge/26.1.2.43-beta/6b8b2150f4db76b1ac1890aba0033359fd84abba/neoforge-26.1.2.43-beta-universal.jar > mixinextras-neoforge-0.5.4.jar))
 - neoforge (composite(filtered(jar(C:/Users/Owner/.gradle/caches/modules-2/files-2.1/net.neoforged/neoforge/26.1.2.43-beta/6b8b2150f4db76b1ac1890aba0033359fd84abba/neoforge-26.1.2.43-beta-universal.jar))))
 - net.neoforged.fml.generated (empty(VirtualJar/net.neoforged.fml.generated))
 - polluted_world (composite(folder(J:/minecraft orgenal mod with GPT/polluted_world/neoforge/build/classes/java/main), folder(J:/minecraft orgenal mod with GPT/polluted_world/neoforge/build/resources/main)))
[106月2026 01:25:15.949] [main/INFO] [net.neoforged.fml.loading.FMLLoader/]: Built game content classloader in 10ms
[106月2026 01:25:16.579] [Datafixer Bootstrap/INFO] [com.mojang.datafixers.DataFixerBuilder/]: 294 Datafixer optimizations took 166 milliseconds
[106月2026 01:25:16.600] [pool-8-thread-1/INFO] [MixinExtras|Service/]: Initializing MixinExtras via com.llamalad7.mixinextras.service.MixinExtrasServiceImpl(version=0.5.4).
[106月2026 01:25:19.026] [main/WARN] [net.minecraft.commands.Commands/]: Ambiguity between arguments [teleport, location] and [teleport, destination] with inputs: [0.1 -0.5 .9, 0 0 0]
[106月2026 01:25:19.027] [main/WARN] [net.minecraft.commands.Commands/]: Ambiguity between arguments [teleport, location] and [teleport, targets] with inputs: [0.1 -0.5 .9, 0 0 0]
[106月2026 01:25:19.028] [main/WARN] [net.minecraft.commands.Commands/]: Ambiguity between arguments [teleport, destination] and [teleport, targets] with inputs: [Player, 0123, @e, dd12be42-52a9-4a91-a8a1-11c01849e498]
[106月2026 01:25:19.028] [main/WARN] [net.minecraft.commands.Commands/]: Ambiguity between arguments [teleport, targets] and [teleport, destination] with inputs: [Player, 0123, dd12be42-52a9-4a91-a8a1-11c01849e498]
[106月2026 01:25:19.029] [main/WARN] [net.minecraft.commands.Commands/]: Ambiguity between arguments [teleport, targets, location] and [teleport, targets, destination] with inputs: [0.1 -0.5 .9, 0 0 0]
[106月2026 01:25:19.029] [main/WARN] [net.minecraft.commands.Commands/]: Ambiguity between arguments [time, set, time] and [time, set, timemarker] with inputs: [0, 0s, 0d, 0t]
[106月2026 01:25:19.030] [main/WARN] [net.minecraft.commands.Commands/]: Ambiguity between arguments [time, set, timemarker] and [time, set, time] with inputs: [012]
[106月2026 01:25:19.031] [main/WARN] [net.minecraft.commands.Commands/]: Ambiguity between arguments [time, of, clock, set, time] and [time, of, clock, set, timemarker] with inputs: [0, 0s, 0d, 0t]
[106月2026 01:25:19.031] [main/WARN] [net.minecraft.commands.Commands/]: Ambiguity between arguments [time, of, clock, set, timemarker] and [time, of, clock, set, time] with inputs: [012]
[106月2026 01:25:19.032] [main/WARN] [net.minecraft.commands.Commands/]: Ambiguity between arguments [waypoint, modify, waypoint, color, reset] and [waypoint, modify, waypoint, color, color] with inputs: [reset]
[106月2026 01:25:19.064] [modloading-worker-0/INFO] [net.neoforged.neoforge.common.NeoForgeMod/NEOFORGE-MOD]: NeoForge mod loading, version 26.1.2.43-beta, for MC 26.1.2
[106月2026 01:25:19.340] [Render thread/INFO] [com.mojang.authlib.yggdrasil.YggdrasilAuthenticationService/]: Environment: Environment[sessionHost=https://sessionserver.mojang.com, servicesHost=https://api.minecraftservices.com, profilesHost=https://api.mojang.com, name=PROD]
[106月2026 01:25:19.350] [Render thread/INFO] [net.minecraft.client.Minecraft/]: Setting user: Dev
[106月2026 01:25:19.397] [Render thread/INFO] [net.minecraft.client.Minecraft/]: Backend library: LWJGL version 3.4.1+2
[106月2026 01:25:19.504] [Render thread/INFO] [net.minecraft.client.Minecraft/]: Using optional rendering extensions: GL_ARB_buffer_storage, GL_KHR_debug, GL_ARB_vertex_attrib_binding, GL_ARB_direct_state_access, GL_EXT_texture_filter_anisotropic
[106月2026 01:25:20.127] [Render thread/INFO] [net.minecraft.server.packs.resources.ReloadableResourceManager/]: Reloading ResourceManager: vanilla, mod_resources, mod/polluted_world, mod/neoforge
[106月2026 01:25:20.160] [resourceLoad/INFO] [net.minecraft.client.gui.font.providers.UnihexProvider/]: Found unifont_all_no_pua-17.0.01.hex, loading
[106月2026 01:25:20.160] [resourceLoad/INFO] [net.minecraft.client.gui.font.providers.UnihexProvider/]: Found unifont_pua-17.0.01.hex, loading
[106月2026 01:25:20.212] [resourceLoad/ERROR] [net.minecraft.client.resources.model.ClientItemInfoLoader/]: Couldn't parse item model 'polluted_world:activated_charcoal' from pack 'mod/polluted_world': No key model in MapLike[{"type":"minecraft:blasting","category":"misc","ingredient":{"item":"minecraft:charcoal"},"result":{"id":"polluted_world:activated_charcoal"},"experience":0.2,"cookingtime":100}]
[106月2026 01:25:20.215] [resourceLoad/INFO] [net.minecraft.client.gui.font.providers.UnihexProvider/]: Found unifont_jp_patch-17.0.01.hex, loading
[106月2026 01:25:20.409] [resourceLoad/ERROR] [net.minecraft.client.resources.model.ModelManager/]: Failed to load model polluted_world:models/item/high_filter.json
com.google.gson.JsonSyntaxException: com.google.gson.stream.MalformedJsonException: Expected name at line 5 column 4 path $.textures.layer0
See https://github.com/google/gson/blob/main/Troubleshooting.md#malformed-json
	at com.google.gson.internal.Streams.parse(Streams.java:58) ~[gson-2.13.2.jar:?]
	at com.google.gson.internal.bind.TreeTypeAdapter.read(TreeTypeAdapter.java:91) ~[gson-2.13.2.jar:?]
	at TRANSFORMER/minecraft@26.1.2/net.minecraft.util.GsonHelper.fromJson(GsonHelper.java:427) ~[minecraft-patched-26.1.2.43-beta.jar:?]
	at TRANSFORMER/neoforge@26.1.2.43-beta/net.neoforged.neoforge.client.model.UnbakedModelParser.parse(UnbakedModelParser.java:43) ~[neoforge-26.1.2.43-beta-universal.jar:?]
	at TRANSFORMER/minecraft@26.1.2/net.minecraft.client.resources.model.ModelManager.lambda$loadBlockModels$2(ModelManager.java:204) ~[minecraft-patched-26.1.2.43-beta.jar:?]
	at java.base/java.util.concurrent.CompletableFuture$AsyncSupply.run(CompletableFuture.java:1789) ~[?:?]
	at TRANSFORMER/minecraft@26.1.2/net.minecraft.server.packs.resources.SimpleReloadInstance.lambda$prepareTasks$1(SimpleReloadInstance.java:68) ~[minecraft-patched-26.1.2.43-beta.jar:?]
	at TRANSFORMER/minecraft@26.1.2/net.minecraft.TracingExecutor.lambda$forName$1(TracingExecutor.java:18) ~[minecraft-patched-26.1.2.43-beta.jar:?]
	at java.base/java.util.concurrent.ForkJoinTask$RunnableExecuteAction.compute(ForkJoinTask.java:1750) [?:?]
	at java.base/java.util.concurrent.ForkJoinTask$RunnableExecuteAction.compute(ForkJoinTask.java:1742) [?:?]
	at java.base/java.util.concurrent.ForkJoinTask$InterruptibleTask.exec(ForkJoinTask.java:1659) [?:?]
	at java.base/java.util.concurrent.ForkJoinTask.doExec(ForkJoinTask.java:511) [?:?]
	at java.base/java.util.concurrent.ForkJoinPool$WorkQueue.topLevelExec(ForkJoinPool.java:1450) [?:?]
	at java.base/java.util.concurrent.ForkJoinPool.runWorker(ForkJoinPool.java:2019) [?:?]
	at java.base/java.util.concurrent.ForkJoinWorkerThread.run(ForkJoinWorkerThread.java:187) [?:?]
Caused by: com.google.gson.stream.MalformedJsonException: Expected name at line 5 column 4 path $.textures.layer0
See https://github.com/google/gson/blob/main/Troubleshooting.md#malformed-json
	at com.google.gson.stream.JsonReader.syntaxError(JsonReader.java:1817) ~[gson-2.13.2.jar:?]
	at com.google.gson.stream.JsonReader.doPeek(JsonReader.java:633) ~[gson-2.13.2.jar:?]
	at com.google.gson.stream.JsonReader.hasNext(JsonReader.java:538) ~[gson-2.13.2.jar:?]
	at com.google.gson.internal.bind.JsonElementTypeAdapter.read(JsonElementTypeAdapter.java:95) ~[gson-2.13.2.jar:?]
	at com.google.gson.internal.bind.JsonElementTypeAdapter.read(JsonElementTypeAdapter.java:35) ~[gson-2.13.2.jar:?]
	at com.google.gson.internal.Streams.parse(Streams.java:46) ~[gson-2.13.2.jar:?]
	... 14 more
[106月2026 01:25:20.444] [resourceLoad/WARN] [net.minecraft.client.resources.model.ModelDiscovery/]: Missing block model: polluted_world:item/high_filter
[106月2026 01:25:20.704] [Render thread/WARN] [com.mojang.blaze3d.opengl.GlProgram/]: neoforge:pipeline/item_cutout_unlit shader program does not use sampler Sampler2 defined in the pipeline. This might be a bug.
[106月2026 01:25:20.712] [Render thread/WARN] [com.mojang.blaze3d.opengl.GlProgram/]: neoforge:pipeline/item_translucent_unlit shader program does not use sampler Sampler2 defined in the pipeline. This might be a bug.
[106月2026 01:25:20.747] [Render thread/INFO] [com.mojang.blaze3d.audio.Library/]: OpenAL initialized on device OpenAL Soft on スピーカー (USB PnP Audio Device)
[106月2026 01:25:20.749] [Render thread/INFO] [net.minecraft.client.sounds.SoundEngine/SOUNDS]: Sound engine started
[106月2026 01:25:20.749] [Render thread/INFO] [net.minecraft.client.renderer.texture.TextureAtlas/]: Created: 512x256x0 minecraft:textures/atlas/particles.png-atlas
[106月2026 01:25:20.759] [Render thread/INFO] [net.minecraft.client.renderer.texture.TextureAtlas/]: Created: 128x128x0 minecraft:textures/atlas/decorated_pot.png-atlas
[106月2026 01:25:20.762] [Render thread/INFO] [net.minecraft.client.renderer.texture.TextureAtlas/]: Created: 2048x1024x0 minecraft:textures/atlas/armor_trims.png-atlas
[106月2026 01:25:20.770] [Render thread/INFO] [net.minecraft.client.renderer.texture.TextureAtlas/]: Created: 512x256x0 minecraft:textures/atlas/paintings.png-atlas
[106月2026 01:25:20.794] [Render thread/INFO] [net.minecraft.client.renderer.texture.TextureAtlas/]: Created: 1024x512x0 minecraft:textures/atlas/shield_patterns.png-atlas
[106月2026 01:25:20.796] [Render thread/INFO] [net.minecraft.client.renderer.texture.TextureAtlas/]: Created: 2048x2048x4 minecraft:textures/atlas/blocks.png-atlas
[106月2026 01:25:20.851] [Render thread/INFO] [net.minecraft.client.renderer.texture.TextureAtlas/]: Created: 512x512x0 minecraft:textures/atlas/chest.png-atlas
[106月2026 01:25:20.870] [Render thread/INFO] [net.minecraft.client.renderer.texture.TextureAtlas/]: Created: 256x128x0 minecraft:textures/atlas/celestials.png-atlas
[106月2026 01:25:20.870] [Render thread/INFO] [net.minecraft.client.renderer.texture.TextureAtlas/]: Created: 1024x512x0 minecraft:textures/atlas/banner_patterns.png-atlas
[106月2026 01:25:20.871] [Render thread/INFO] [net.minecraft.client.renderer.texture.TextureAtlas/]: Created: 512x512x0 minecraft:textures/atlas/beds.png-atlas
[106月2026 01:25:20.874] [Render thread/INFO] [net.minecraft.client.renderer.texture.TextureAtlas/]: Created: 1024x512x0 minecraft:textures/atlas/items.png-atlas
[106月2026 01:25:20.881] [Render thread/INFO] [net.minecraft.client.renderer.texture.TextureAtlas/]: Created: 1024x1024x0 minecraft:textures/atlas/gui.png-atlas
[106月2026 01:25:20.898] [Render thread/INFO] [net.minecraft.client.renderer.texture.TextureAtlas/]: Created: 128x64x0 minecraft:textures/atlas/map_decorations.png-atlas
[106月2026 01:25:20.912] [Render thread/INFO] [net.minecraft.client.renderer.texture.TextureAtlas/]: Created: 512x256x0 minecraft:textures/atlas/signs.png-atlas
[106月2026 01:25:20.912] [Render thread/INFO] [net.minecraft.client.renderer.texture.TextureAtlas/]: Created: 512x512x0 minecraft:textures/atlas/shulker_boxes.png-atlas
[106月2026 01:25:20.976] [Render thread/INFO] [net.neoforged.neoforge.client.entity.animation.json.AnimationLoader/]: Loaded 0 entity animations
[106月2026 01:25:26.732] [Render thread/INFO] [net.minecraft.world.level.storage.LevelStorageSource/]: Deleting level 新規ワールド
[106月2026 01:25:26.732] [Render thread/INFO] [net.minecraft.world.level.storage.LevelStorageSource/]: Attempt 1...
[106月2026 01:25:26.789] [Render thread/WARN] [net.minecraft.server.MinecraftServer/]: Missing data pack tests
[106月2026 01:25:27.044] [Worker-Main-25/ERROR] [net.minecraft.resources.RegistryDataLoader/]: Registry loading errors:
> Errors in registry minecraft:root:
>> Errors in element minecraft:worldgen/configured_feature:
java.lang.IllegalStateException: Unbound values in registry ResourceKey[minecraft:root / minecraft:worldgen/configured_feature]: [polluted_world:dead_bush_patch, polluted_world:dead_tree_column]
	at TRANSFORMER/minecraft@26.1.2/net.minecraft.core.MappedRegistry.freeze(MappedRegistry.java:307)
	at TRANSFORMER/minecraft@26.1.2/net.minecraft.resources.RegistryLoadTask.freezeRegistry(RegistryLoadTask.java:93)
	at TRANSFORMER/minecraft@26.1.2/net.minecraft.resources.RegistryDataLoader.lambda$load$5(RegistryDataLoader.java:229)
	at java.base/java.util.stream.ReferencePipeline$2$1.accept(ReferencePipeline.java:196)
	at java.base/java.util.AbstractList$RandomAccessSpliterator.forEachRemaining(AbstractList.java:722)
	at java.base/java.util.stream.AbstractPipeline.copyInto(AbstractPipeline.java:570)
	at java.base/java.util.stream.AbstractPipeline.wrapAndCopyInto(AbstractPipeline.java:560)
	at java.base/java.util.stream.AbstractPipeline.evaluate(AbstractPipeline.java:635)
	at java.base/java.util.stream.AbstractPipeline.evaluateToArrayNode(AbstractPipeline.java:291)
	at java.base/java.util.stream.ReferencePipeline.toArray(ReferencePipeline.java:652)
	at java.base/java.util.stream.ReferencePipeline.toArray(ReferencePipeline.java:658)
	at java.base/java.util.stream.ReferencePipeline.toList(ReferencePipeline.java:663)
	at TRANSFORMER/minecraft@26.1.2/net.minecraft.resources.RegistryDataLoader.lambda$load$2(RegistryDataLoader.java:229)
	at java.base/java.util.concurrent.CompletableFuture$UniApply.tryFire(CompletableFuture.java:667)
	at java.base/java.util.concurrent.CompletableFuture$Completion.exec(CompletableFuture.java:504)
	at java.base/java.util.concurrent.ForkJoinTask.doExec(ForkJoinTask.java:511)
	at java.base/java.util.concurrent.ForkJoinPool$WorkQueue.topLevelExec(ForkJoinPool.java:1450)
	at java.base/java.util.concurrent.ForkJoinPool.runWorker(ForkJoinPool.java:2019)
	at java.base/java.util.concurrent.ForkJoinWorkerThread.run(ForkJoinWorkerThread.java:187)
> Errors in registry minecraft:worldgen/configured_feature:
>> Errors in element polluted_world:dead_bush_patch:
java.lang.IllegalStateException: Failed to parse polluted_world:dead_bush_patch from pack mod/polluted_world
	at TRANSFORMER/minecraft@26.1.2/net.minecraft.resources.RegistryLoadTask$PendingRegistration.loadFromResource(RegistryLoadTask.java:135)
	at TRANSFORMER/minecraft@26.1.2/net.minecraft.resources.ResourceManagerRegistryLoadTask.lambda$load$2(ResourceManagerRegistryLoadTask.java:51)
	at TRANSFORMER/minecraft@26.1.2/net.minecraft.util.thread.ParallelMapTransform$Container.applyOperation(ParallelMapTransform.java:115)
	at TRANSFORMER/minecraft@26.1.2/net.minecraft.util.thread.ParallelMapTransform$SingleTaskSplitter.lambda$scheduleBatch$0(ParallelMapTransform.java:145)
	at java.base/java.util.concurrent.CompletableFuture$AsyncRun.run(CompletableFuture.java:1825)
	at java.base/java.util.concurrent.CompletableFuture$AsyncRun.exec(CompletableFuture.java:1817)
	at java.base/java.util.concurrent.ForkJoinTask.doExec(ForkJoinTask.java:511)
	at java.base/java.util.concurrent.ForkJoinPool$WorkQueue.topLevelExec(ForkJoinPool.java:1450)
	at java.base/java.util.concurrent.ForkJoinPool.runWorker(ForkJoinPool.java:2019)
	at java.base/java.util.concurrent.ForkJoinWorkerThread.run(ForkJoinWorkerThread.java:187)
Caused by: java.lang.IllegalStateException: Unknown registry key in ResourceKey[minecraft:root / minecraft:worldgen/feature]: minecraft:random_patch
	at com.mojang.serialization.DataResult$Error.getOrThrow(DataResult.java:287)
	at com.mojang.serialization.DataResult.getOrThrow(DataResult.java:81)
	at TRANSFORMER/minecraft@26.1.2/net.minecraft.resources.RegistryLoadTask$PendingRegistration.loadFromResource(RegistryLoadTask.java:123)
	... 9 more
>> Errors in element polluted_world:dead_tree_column:
java.lang.IllegalStateException: Failed to parse polluted_world:dead_tree_column from pack mod/polluted_world
	at TRANSFORMER/minecraft@26.1.2/net.minecraft.resources.RegistryLoadTask$PendingRegistration.loadFromResource(RegistryLoadTask.java:135)
	at TRANSFORMER/minecraft@26.1.2/net.minecraft.resources.ResourceManagerRegistryLoadTask.lambda$load$2(ResourceManagerRegistryLoadTask.java:51)
	at TRANSFORMER/minecraft@26.1.2/net.minecraft.util.thread.ParallelMapTransform$Container.applyOperation(ParallelMapTransform.java:115)
	at TRANSFORMER/minecraft@26.1.2/net.minecraft.util.thread.ParallelMapTransform$SingleTaskSplitter.lambda$scheduleBatch$0(ParallelMapTransform.java:145)
	at java.base/java.util.concurrent.CompletableFuture$AsyncRun.run(CompletableFuture.java:1825)
	at java.base/java.util.concurrent.CompletableFuture$AsyncRun.exec(CompletableFuture.java:1817)
	at java.base/java.util.concurrent.ForkJoinTask.doExec(ForkJoinTask.java:511)
	at java.base/java.util.concurrent.ForkJoinPool$WorkQueue.topLevelExec(ForkJoinPool.java:1450)
	at java.base/java.util.concurrent.ForkJoinPool.runWorker(ForkJoinPool.java:2019)
	at java.base/java.util.concurrent.ForkJoinWorkerThread.run(ForkJoinWorkerThread.java:187)
Caused by: java.lang.IllegalStateException: Failed to parse either. First: Not a number: {"type":"minecraft:uniform","value":{"min_inclusive":3,"max_inclusive":6}}; Second: No key max_inclusive in MapLike[{"type":"minecraft:uniform","value":{"min_inclusive":3,"max_inclusive":6}}]; No key min_inclusive in MapLike[{"type":"minecraft:uniform","value":{"min_inclusive":3,"max_inclusive":6}}]
	at com.mojang.serialization.DataResult$Error.getOrThrow(DataResult.java:287)
	at com.mojang.serialization.DataResult.getOrThrow(DataResult.java:81)
	at TRANSFORMER/minecraft@26.1.2/net.minecraft.resources.RegistryLoadTask$PendingRegistration.loadFromResource(RegistryLoadTask.java:123)
	... 9 more

[106月2026 01:25:27.077] [Render thread/ERROR] [net.minecraft.CrashReport/]: Negative index in crash report handler (9/10)
[106月2026 01:25:27.077] [Render thread/ERROR] [net.minecraft.client.Minecraft/FATAL]: Reported exception thrown!
net.minecraft.ReportedException: Registry Loading
	at TRANSFORMER/minecraft@26.1.2/net.minecraft.client.renderer.GameRenderer.extractGui(GameRenderer.java:521) ~[minecraft-patched-26.1.2.43-beta.jar:?]
	at TRANSFORMER/minecraft@26.1.2/net.minecraft.client.renderer.GameRenderer.extract(GameRenderer.java:424) ~[minecraft-patched-26.1.2.43-beta.jar:?]
	at TRANSFORMER/minecraft@26.1.2/net.minecraft.client.Minecraft.renderFrame(Minecraft.java:1377) [minecraft-patched-26.1.2.43-beta.jar:?]
	at TRANSFORMER/minecraft@26.1.2/net.minecraft.client.Minecraft.runTick(Minecraft.java:1329) [minecraft-patched-26.1.2.43-beta.jar:?]
	at TRANSFORMER/minecraft@26.1.2/net.minecraft.client.Minecraft.run(Minecraft.java:937) [minecraft-patched-26.1.2.43-beta.jar:?]
	at TRANSFORMER/minecraft@26.1.2/net.minecraft.client.main.Main.main(Main.java:246) [minecraft-patched-26.1.2.43-beta.jar:?]
	at net.neoforged.fml.startup.Client.main(Client.java:19) [loader-11.0.13.jar:11.0]
	at java.base/jdk.internal.reflect.DirectMethodHandleAccessor.invoke(DirectMethodHandleAccessor.java:104) ~[?:?]
	at java.base/java.lang.reflect.Method.invoke(Method.java:565) ~[?:?]
	at net.neoforged.devlaunch.Main.main(Main.java:57) [DevLaunch-1.0.2.jar:?]
Caused by: java.lang.IllegalStateException: Failed to load registries due to errors
	at TRANSFORMER/minecraft@26.1.2/net.minecraft.resources.RegistryDataLoader.createReportWithBriefInfo(RegistryDataLoader.java:292) ~[minecraft-patched-26.1.2.43-beta.jar:?]
	at TRANSFORMER/minecraft@26.1.2/net.minecraft.resources.RegistryDataLoader.logErrors(RegistryDataLoader.java:271) ~[minecraft-patched-26.1.2.43-beta.jar:?]
	at TRANSFORMER/minecraft@26.1.2/net.minecraft.resources.RegistryDataLoader.lambda$load$2(RegistryDataLoader.java:231) ~[minecraft-patched-26.1.2.43-beta.jar:?]
	at java.base/java.util.concurrent.CompletableFuture$UniApply.tryFire(CompletableFuture.java:667) ~[?:?]
	at java.base/java.util.concurrent.CompletableFuture$Completion.exec(CompletableFuture.java:504) ~[?:?]
	at java.base/java.util.concurrent.ForkJoinTask.doExec(ForkJoinTask.java:511) ~[?:?]
	at java.base/java.util.concurrent.ForkJoinPool$WorkQueue.topLevelExec(ForkJoinPool.java:1450) ~[?:?]
	at java.base/java.util.concurrent.ForkJoinPool.runWorker(ForkJoinPool.java:2019) ~[?:?]
	at java.base/java.util.concurrent.ForkJoinWorkerThread.run(ForkJoinWorkerThread.java:187) ~[?:?]
[106月2026 01:25:27.225] [Render thread/FATAL] [net.neoforged.neoforge.common.NeoForgeMod/]: Preparing crash report with UUID a32fa84d-999c-45e9-b581-002b44685b90
[106月2026 01:25:27.226] [Render thread/FATAL] [net.neoforged.neoforge.common.NeoForgeMod/]: Preparing crash report with UUID 4493ada4-6132-478d-8dc8-6d6de7045a54
