[08:49:52] [main/WARN] (FabricLoader/Knot) Class path entries reference missing files: J:\minecraft orgenal mod with GPT\polluted_world\fabric\build\resources\client - the game may not load properly!
[08:49:52] [main/INFO] (FabricLoader/GameProvider) Loading Minecraft 26.1.2 with Fabric Loader 0.18.6
[08:49:52] [main/INFO] (FabricLoader/Mappings) Mappings not present!
[08:49:52] [ForkJoinPool-1-worker-6/WARN] (FabricLoader/Metadata) The mod "polluted_world" contains invalid entries in its mod json:
- Unsupported root entry "main" at line 17 column 8
- Unsupported root entry "client" at line 20 column 10
[08:49:52] [main/INFO] (FabricLoader) Loading 50 mods:
	- fabric-api 0.145.4+26.1.2
	- fabric-api-base 2.0.3+ece0632339
	- fabric-api-lookup-api-v1 2.0.10+d5a053b639
	- fabric-biome-api-v1 18.0.4+35c80edc39
	- fabric-block-api-v1 3.0.2+ec56b60139
	- fabric-block-getter-api-v2 2.0.6+ec56b60139
	- fabric-client-gametest-api-v1 5.0.14+9c21967139
	- fabric-command-api-v2 3.0.5+e2bdee7839
	- fabric-content-registries-v0 11.0.12+d871b99e39
	- fabric-convention-tags-v2 4.3.2+c37e6e5f39
	- fabric-crash-report-info-v1 1.0.3+9f78a5a839
	- fabric-creative-tab-api-v1 5.0.10+d871b99e39
	- fabric-data-attachment-api-v1 2.2.3+d602a89639
	- fabric-data-generation-api-v1 24.0.17+35c80edc39
	- fabric-debug-api-v1 1.0.1+c792624d39
	- fabric-dimensions-v1 5.1.4+9cbf5da539
	- fabric-entity-events-v1 5.0.2+e2bdee7839
	- fabric-events-interaction-v0 5.1.10+c82f046139
	- fabric-game-rule-api-v1 4.0.5+d871b99e39
	- fabric-gametest-api-v1 4.0.13+00a1fba639
	- fabric-item-api-v1 14.1.0+9833182c39
	- fabric-key-mapping-api-v1 2.0.4+e2bdee7839
	- fabric-lifecycle-events-v1 4.0.6+a9b9c17639
	- fabric-loot-api-v3 3.0.11+00a1fba639
	- fabric-menu-api-v1 2.0.12+d871b99e39
	- fabric-message-api-v1 7.0.5+dae8ce3e39
	- fabric-model-loading-api-v1 8.0.3+c80601bb39
	- fabric-networking-api-v1 6.3.0+50a808ce39
	- fabric-object-builder-api-v1 23.0.13+b61fef4339
	- fabric-particles-v1 5.0.14+b61fef4339
	- fabric-recipe-api-v1 9.0.13+be4b75ae39
	- fabric-registry-sync-v0 7.0.12+b61fef4339
	- fabric-renderer-api-v1 13.0.0+c80601bb39
	- fabric-renderer-indigo 8.0.2+a6be36ef39
	- fabric-rendering-fluids-v1 6.0.1+d871b99e39
	- fabric-rendering-v1 23.0.4+c7e428fd39
	- fabric-resource-conditions-api-v1 6.0.5+00a1fba639
	- fabric-resource-loader-v0 3.3.16+4fc5413f39
	- fabric-resource-loader-v1 2.0.9+d871b99e39
	- fabric-screen-api-v1 5.0.1+d871b99e39
	- fabric-serialization-api-v1 2.0.3+11a26f3139
	- fabric-sound-api-v1 2.0.4+11a26f3139
	- fabric-tag-api-v1 2.0.9+11a26f3139
	- fabric-transfer-api-v1 8.0.2+d871b99e39
	- fabric-transitive-access-wideners-v1 8.0.11+d871b99e39
	- fabricloader 0.18.6
	- java 25
	- minecraft 26.1.2
	- mixinextras 0.5.3
	- polluted_world 1.0.0
[08:49:52] [main/WARN] (FabricLoader/ModRemap) Runtime mod remapping disabled due to no fabric.remapClasspathFile being specified. You may need to update loom.
[08:49:52] [main/INFO] (FabricLoader/Mixin) SpongePowered MIXIN Subsystem Version=0.8.7 Source=file:/C:/Users/Owner/.gradle/caches/modules-2/files-2.1/net.fabricmc/sponge-mixin/0.17.0+mixin.0.8.7/cf31463202f72d03b0ef1e1e38e8ee71b7faaab6/sponge-mixin-0.17.0+mixin.0.8.7.jar Service=Knot/Fabric Env=CLIENT
[08:49:52] [main/INFO] (FabricLoader/Mixin) Compatibility level set to JAVA_25
[08:49:53] [main/INFO] (FabricLoader/MixinExtras|Service) Initializing MixinExtras via com.llamalad7.mixinextras.service.MixinExtrasServiceImpl(version=0.5.3).
[08:49:53] [Datafixer Bootstrap/INFO] (Minecraft) 291 Datafixer optimizations took 169 milliseconds
[08:49:56] [Render thread/INFO] (Minecraft) Environment: Environment[sessionHost=https://sessionserver.mojang.com, servicesHost=https://api.minecraftservices.com, profilesHost=https://api.mojang.com, name=PROD]
[08:49:56] [Render thread/INFO] (Minecraft) Setting user: Player833
[08:49:56] [Render thread/INFO] (Indigo) [Indigo] Registering Indigo renderer!
[08:49:56] [Render thread/INFO] (Minecraft) Backend library: LWJGL version 3.4.1-snapshot
[08:49:56] [Download-2/ERROR] (Minecraft) Failed to fetch user properties
com.mojang.authlib.exceptions.InvalidCredentialsException: Status: 401
	at knot//com.mojang.authlib.exceptions.MinecraftClientHttpException.toAuthenticationException(MinecraftClientHttpException.java:59)
	at knot//com.mojang.authlib.yggdrasil.YggdrasilUserApiService.fetchProperties(YggdrasilUserApiService.java:150)
	at knot//net.minecraft.client.Minecraft.lambda$new$1(Minecraft.java:459)
	at java.base/java.util.concurrent.CompletableFuture$AsyncSupply.run(CompletableFuture.java:1789)
	at java.base/java.util.concurrent.ThreadPoolExecutor.runWorker(ThreadPoolExecutor.java:1090)
	at java.base/java.util.concurrent.ThreadPoolExecutor$Worker.run(ThreadPoolExecutor.java:614)
	at java.base/java.lang.Thread.run(Thread.java:1474)
Caused by: com.mojang.authlib.exceptions.MinecraftClientHttpException: Status: 401
	at knot//com.mojang.authlib.minecraft.client.MinecraftClient.readInputStream(MinecraftClient.java:103)
	at knot//com.mojang.authlib.minecraft.client.MinecraftClient.get(MinecraftClient.java:56)
	at knot//com.mojang.authlib.yggdrasil.YggdrasilUserApiService.fetchProperties(YggdrasilUserApiService.java:121)
	... 5 more
[08:49:56] [Render thread/INFO] (Minecraft) Using optional rendering extensions: GL_ARB_buffer_storage, GL_KHR_debug, GL_ARB_vertex_attrib_binding, GL_ARB_direct_state_access, GL_EXT_texture_filter_anisotropic
[08:49:57] [Render thread/INFO] (Minecraft) Reloading ResourceManager: vanilla, fabric-api, fabric-api-base, fabric-api-lookup-api-v1, fabric-biome-api-v1, fabric-block-api-v1, fabric-block-getter-api-v2, fabric-client-gametest-api-v1, fabric-command-api-v2, fabric-content-registries-v0, fabric-convention-tags-v2, fabric-crash-report-info-v1, fabric-creative-tab-api-v1, fabric-data-attachment-api-v1, fabric-data-generation-api-v1, fabric-debug-api-v1, fabric-dimensions-v1, fabric-entity-events-v1, fabric-events-interaction-v0, fabric-game-rule-api-v1, fabric-gametest-api-v1, fabric-item-api-v1, fabric-key-mapping-api-v1, fabric-lifecycle-events-v1, fabric-loot-api-v3, fabric-menu-api-v1, fabric-message-api-v1, fabric-model-loading-api-v1, fabric-networking-api-v1, fabric-object-builder-api-v1, fabric-particles-v1, fabric-recipe-api-v1, fabric-registry-sync-v0, fabric-renderer-api-v1, fabric-renderer-indigo, fabric-rendering-fluids-v1, fabric-rendering-v1, fabric-resource-conditions-api-v1, fabric-resource-loader-v0, fabric-resource-loader-v1, fabric-screen-api-v1, fabric-serialization-api-v1, fabric-sound-api-v1, fabric-tag-api-v1, fabric-transfer-api-v1, fabric-transitive-access-wideners-v1, fabricloader, polluted_world
[08:49:57] [Worker-Main-19/INFO] (Minecraft) Found unifont_pua-17.0.01.hex, loading
[08:49:57] [Worker-Main-8/INFO] (Minecraft) Found unifont_all_no_pua-17.0.01.hex, loading
[08:49:57] [Download-1/INFO] (Minecraft) Could not authorize you against Realms server: java.lang.RuntimeException: Failed to parse into SignedJWT: FabricMC
[08:49:57] [Download-1/ERROR] (Minecraft) Failed to fetch Realms feature flags
com.mojang.realmsclient.exception.RealmsServiceException: Realms authentication error with message 'java.lang.RuntimeException: Failed to parse into SignedJWT: FabricMC'
	at knot//com.mojang.realmsclient.client.RealmsClient.execute(RealmsClient.java:526)
	at knot//com.mojang.realmsclient.client.RealmsClient.fetchFeatureFlags(RealmsClient.java:186)
	at java.base/java.util.concurrent.CompletableFuture$AsyncSupply.run(CompletableFuture.java:1789)
	at java.base/java.util.concurrent.ThreadPoolExecutor.runWorker(ThreadPoolExecutor.java:1090)
	at java.base/java.util.concurrent.ThreadPoolExecutor$Worker.run(ThreadPoolExecutor.java:614)
	at java.base/java.lang.Thread.run(Thread.java:1474)
[08:49:57] [Worker-Main-27/INFO] (Minecraft) Found unifont_jp_patch-17.0.01.hex, loading
[08:49:57] [Worker-Main-20/ERROR] (Minecraft) Couldn't parse item model 'polluted_world:gas_mask' from pack 'polluted_world': No key model in MapLike[{"format_version":"1.21.11","credit":"Made with Blockbench","textures":{"0":"gas_mask","particle":"gas_mask"},"elements":[{"from":[1,7.4,1],"to":[15,11.4,2],"rotation":{"angle":0,"axis":"y","origin":[0,-0.6,-1]},"faces":{"north":{"uv":[1.25,2.125,4.375,4.75],"texture":"#0"},"east":{"uv":[1.75,1.75,3.75,4.75],"texture":"#0"},"south":{"uv":[1.375,1.875,4.375,4.875],"texture":"#0"},"west":{"uv":[1.5,1.875,3.5,4.875],"texture":"#0"},"up":{"uv":[4.375,4.375,1.375,2.375],"texture":"#0"},"down":{"uv":[4.375,2.25,1.375,4.25],"texture":"#0"}}},{"from":[2,0.4,0.6],"to":[14,12.4,2],"rotation":{"angle":0,"axis":"y","origin":[0,-0.6,-1]},"faces":{"north":{"uv":[1.25,2.125,4.375,4.75],"texture":"#0"},"east":{"uv":[1.75,1.75,3.75,4.75],"texture":"#0"},"south":{"uv":[1.375,1.875,4.375,4.875],"texture":"#0"},"west":{"uv":[1.5,1.875,3.5,4.875],"texture":"#0"},"up":{"uv":[4.375,4.375,1.375,2.375],"texture":"#0"},"down":{"uv":[4.375,2.25,1.375,4.25],"texture":"#0"}}},{"from":[4,-0.6,0.6],"to":[12,1.4,2],"rotation":{"angle":0,"axis":"y","origin":[0,-0.6,-1]},"faces":{"north":{"uv":[1.25,2.125,4.375,4.75],"texture":"#0"},"east":{"uv":[1.75,1.75,3.75,4.75],"texture":"#0"},"south":{"uv":[1.375,1.875,4.375,4.875],"texture":"#0"},"west":{"uv":[1.5,1.875,3.5,4.875],"texture":"#0"},"up":{"uv":[4.375,4.375,1.375,2.375],"texture":"#0"},"down":{"uv":[4.375,2.25,1.375,4.25],"texture":"#0"}}},{"from":[1,8.4,2],"to":[2,10.4,15],"rotation":{"angle":0,"axis":"y","origin":[-1,-0.6,-1]},"faces":{"north":{"uv":[0.5,14.875,3.5,16],"texture":"#0"},"east":{"uv":[1.125,14.875,3.125,16],"texture":"#0"},"south":{"uv":[0.5,14.5,3.5,16],"texture":"#0"},"west":{"uv":[1,14.75,3,16],"texture":"#0"},"up":{"uv":[3.5,16,0.5,14.875],"texture":"#0"},"down":{"uv":[3.5,14.875,0.5,16],"texture":"#0"}}},{"from":[14,8.4,2],"to":[15,10.4,15],"rotation":{"angle":0,"axis":"y","origin":[12,-0.6,-1]},"faces":{"north":{"uv":[0.5,14.875,3.5,16],"texture":"#0"},"east":{"uv":[1.125,14.875,3.125,16],"texture":"#0"},"south":{"uv":[0.5,14.5,3.5,16],"texture":"#0"},"west":{"uv":[1,14.75,3,16],"texture":"#0"},"up":{"uv":[3.5,16,0.5,14.875],"texture":"#0"},"down":{"uv":[3.5,14.875,0.5,16],"texture":"#0"}}},{"from":[1,8.4,14.8],"to":[15,10.4,16],"rotation":{"angle":0,"axis":"y","origin":[12,-0.6,0]},"faces":{"north":{"uv":[0.5,14.875,3.5,16],"texture":"#0"},"east":{"uv":[1.125,14.875,3.125,16],"texture":"#0"},"south":{"uv":[0.5,14.5,3.5,16],"texture":"#0"},"west":{"uv":[1,14.75,3,16],"texture":"#0"},"up":{"uv":[3.5,16,0.5,14.875],"texture":"#0"},"down":{"uv":[3.5,14.875,0.5,16],"texture":"#0"}}},{"from":[3,1,0],"to":[13,13,1],"rotation":{"angle":0,"axis":"y","origin":[0,-1,-1]},"faces":{"north":{"uv":[1.5,1.75,4,5],"texture":"#0"},"east":{"uv":[1.625,1.875,3.625,4.875],"texture":"#0"},"south":{"uv":[1.25,1.75,4.25,4.75],"texture":"#0"},"west":{"uv":[1.875,2,3.875,5],"texture":"#0"},"up":{"uv":[4.375,4.625,1.375,2.625],"texture":"#0"},"down":{"uv":[4.25,2.5,1.25,4.5],"texture":"#0"}}},{"from":[3,1,0],"to":[13,13,1],"rotation":{"angle":0,"axis":"y","origin":[0,-1,-1]},"faces":{"north":{"uv":[1.5,1.75,4,5],"texture":"#0"},"east":{"uv":[1.625,1.875,3.625,4.875],"texture":"#0"},"south":{"uv":[1.25,1.75,4.25,4.75],"texture":"#0"},"west":{"uv":[1.875,2,3.875,5],"texture":"#0"},"up":{"uv":[4.375,4.625,1.375,2.625],"texture":"#0"},"down":{"uv":[4.25,2.5,1.25,4.5],"texture":"#0"}}},{"from":[6.5,1.9,-2.3],"to":[9.5,4.9,-1],"rotation":{"angle":0,"axis":"y","origin":[6.5,1.9,-3]},"faces":{"north":{"uv":[1.125,9.5,4.125,11.25],"texture":"#0"},"east":{"uv":[0.25,9.375,1.425,11.375],"texture":"#0"},"south":{"uv":[1.125,9.375,4.125,11.125],"texture":"#0"},"west":{"uv":[3.95,9.125,4.875,11.625],"texture":"#0"},"up":{"uv":[1.25,9.825,4.25,11.125],"texture":"#0"},"down":{"uv":[0.875,10,3.875,11.3],"texture":"#0"}}},{"from":[3.5,3,-3.3],"to":[9.5,4.3,-1.7],"rotation":{"angle":0,"axis":"y","origin":[6.5,1.9,-3]},"faces":{"north":{"uv":[1.125,9.5,4.125,11.25],"texture":"#0"},"east":{"uv":[0.25,9.375,1.425,11.375],"texture":"#0"},"south":{"uv":[1.125,9.375,4.125,11.125],"texture":"#0"},"west":{"uv":[3.95,9.125,4.875,11.625],"texture":"#0"},"up":{"uv":[1.25,9.825,4.25,11.125],"texture":"#0"},"down":{"uv":[0.875,10,3.875,11.3],"texture":"#0"}}},{"from":[4.5,1.3,-1.3],"to":[11.5,5.9,0],"rotation":{"angle":0,"axis":"y","origin":[6.5,1.9,-2]},"faces":{"north":{"uv":[0.25,9.375,5,11.725],"texture":"#0"},"east":{"uv":[1.875,9.75,3.175,11.475],"texture":"#0"},"south":{"uv":[0.25,9.25,4.625,11.725],"texture":"#0"},"west":{"uv":[1.95,9.5,3.25,11.6],"texture":"#0"},"up":{"uv":[0.625,9.825,4,11.125],"texture":"#0"},"down":{"uv":[0.625,9.75,4,11.05],"texture":"#0"}}},{"from":[6.5,1.3,-1.7],"to":[9.5,6.9,0],"rotation":{"angle":0,"axis":"y","origin":[6.5,1.9,-2]},"faces":{"north":{"uv":[0.25,9.375,5,11.725],"texture":"#0"},"east":{"uv":[1.875,9.75,3.175,11.475],"texture":"#0"},"south":{"uv":[0.25,9.25,4.625,11.725],"texture":"#0"},"west":{"uv":[1.95,9.5,3.25,11.6],"texture":"#0"},"up":{"uv":[0.625,9.825,4,11.125],"texture":"#0"},"down":{"uv":[0.625,9.75,4,11.05],"texture":"#0"}}},{"from":[5.4,0.9,-2.3],"to":[10.6,6.3,0],"rotation":{"angle":0,"axis":"y","origin":[6.5,1.9,-2]},"faces":{"north":{"uv":[0.25,9.375,5,11.725],"texture":"#0"},"east":{"uv":[1.875,9.75,3.175,11.475],"texture":"#0"},"south":{"uv":[0.25,9.25,4.625,11.725],"texture":"#0"},"west":{"uv":[1.95,9.5,3.25,11.6],"texture":"#0"},"up":{"uv":[0.625,9.825,4,11.125],"texture":"#0"},"down":{"uv":[0.625,9.75,4,11.05],"texture":"#0"}}},{"from":[6.4,1.9,-4.3],"to":[9.6,5.3,-2.3],"rotation":{"angle":0,"axis":"y","origin":[6.5,1.9,-3]},"faces":{"north":{"uv":[0.25,9.375,5,11.725],"texture":"#0"},"east":{"uv":[1.875,9.75,3.175,11.475],"texture":"#0"},"south":{"uv":[0.25,9.25,4.625,11.725],"texture":"#0"},"west":{"uv":[1.95,9.5,3.25,11.6],"texture":"#0"},"up":{"uv":[0.625,9.825,4,11.125],"texture":"#0"},"down":{"uv":[0.625,9.75,4,11.05],"texture":"#0"}}},{"from":[2.5,6.1,-0.4],"to":[7.6,11.2,1.6],"rotation":{"angle":0,"axis":"y","origin":[3,6.1,-0.4]},"faces":{"north":{"uv":[12.775,0.875,15.5,3.675],"texture":"#0"},"east":{"uv":[6.625,1.825,8.625,5.625],"texture":"#0"},"south":{"uv":[5.85,1.575,8.95,5.375],"texture":"#0"},"west":{"uv":[6.5,1.7,8.5,5.5],"texture":"#0"},"up":{"uv":[5.725,2.125,8.825,4.125],"texture":"#0"},"down":{"uv":[5.85,2.25,8.95,4.25],"texture":"#0"}}},{"from":[8.4,6.1,-0.4],"to":[13.2,11.3,1.6],"rotation":{"angle":0,"axis":"y","origin":[8,6.1,-0.4]},"faces":{"north":{"uv":[9.925,0.875,12.65,3.675],"texture":"#0"},"east":{"uv":[0,1.2,2,5],"texture":"#0"},"south":{"uv":[5.475,1.7,8.575,5.5],"texture":"#0"},"west":{"uv":[6,1.7,8,5.5],"texture":"#0"},"up":{"uv":[5.6,2,8.7,4],"texture":"#0"},"down":{"uv":[5.475,2.125,8.575,4.125],"texture":"#0"}}},{"from":[6,1.2,-5.8],"to":[10,5.8,-3.8],"rotation":{"angle":0,"axis":"y","origin":[7,3,-5.8]},"faces":{"north":{"uv":[11.375,7.2,14.125,9.925],"texture":"#0"},"east":{"uv":[14.5,7.325,15.875,9.925],"texture":"#0"},"south":{"uv":[11.25,7.075,14.125,10.05],"texture":"#0"},"west":{"uv":[14.5,7.325,15.875,9.925],"texture":"#0"},"up":{"uv":[11.375,10.375,14,11.75],"texture":"#0"},"down":{"uv":[11.375,10.375,14,11.75],"texture":"#0"}}},{"from":[2,2,-4],"to":[5,5,-1],"rotation":{"angle":0,"axis":"y","origin":[2,2,-3]},"faces":{"north":{"uv":[5.625,7.125,7,9.75],"texture":"#0"},"east":{"uv":[7.5,7.125,10.25,9.875],"texture":"#0"},"south":{"uv":[5.625,7.125,7,9.75],"texture":"#0"},"west":{"uv":[7.5,7.125,10.25,9.875],"texture":"#0"},"up":{"uv":[5.625,8.375,7,9.75],"texture":"#0"},"down":{"uv":[5.625,8.375,7,9.75],"texture":"#0"}}}],"display":{}}]
[08:49:57] [Render thread/INFO] (Minecraft) OpenAL initialized on device OpenAL Soft on スピーカー (USB PnP Audio Device)
[08:49:57] [Render thread/INFO] (Minecraft) Sound engine started
[08:49:57] [Render thread/INFO] (Minecraft) Created: 512x256x0 minecraft:textures/atlas/particles.png-atlas
[08:49:57] [Render thread/INFO] (Minecraft) Created: 128x128x0 minecraft:textures/atlas/decorated_pot.png-atlas
[08:49:57] [Render thread/INFO] (Minecraft) Created: 2048x1024x0 minecraft:textures/atlas/armor_trims.png-atlas
[08:49:57] [Render thread/INFO] (Minecraft) Created: 512x256x0 minecraft:textures/atlas/paintings.png-atlas
[08:49:57] [Render thread/INFO] (Minecraft) Created: 1024x512x0 minecraft:textures/atlas/shield_patterns.png-atlas
[08:49:57] [Render thread/INFO] (Minecraft) Created: 2048x2048x4 minecraft:textures/atlas/blocks.png-atlas
[08:49:57] [Render thread/INFO] (Minecraft) Created: 512x512x0 minecraft:textures/atlas/chest.png-atlas
[08:49:57] [Render thread/INFO] (Minecraft) Created: 256x128x0 minecraft:textures/atlas/celestials.png-atlas
[08:49:57] [Render thread/INFO] (Minecraft) Created: 1024x512x0 minecraft:textures/atlas/banner_patterns.png-atlas
[08:49:57] [Render thread/INFO] (Minecraft) Created: 512x512x0 minecraft:textures/atlas/beds.png-atlas
[08:49:57] [Render thread/INFO] (Minecraft) Created: 1024x512x0 minecraft:textures/atlas/items.png-atlas
[08:49:57] [Render thread/INFO] (Minecraft) Created: 1024x1024x0 minecraft:textures/atlas/gui.png-atlas
[08:49:57] [Render thread/INFO] (Minecraft) Created: 128x64x0 minecraft:textures/atlas/map_decorations.png-atlas
[08:49:57] [Render thread/INFO] (Minecraft) Created: 512x256x0 minecraft:textures/atlas/signs.png-atlas
[08:49:57] [Render thread/INFO] (Minecraft) Created: 512x512x0 minecraft:textures/atlas/shulker_boxes.png-atlas
[08:49:58] [IO-Worker-1/INFO] (Minecraft) Could not authorize you against Realms server: java.lang.RuntimeException: Failed to parse into SignedJWT: FabricMC
[08:49:58] [IO-Worker-1/ERROR] (Minecraft) Couldn't connect to realms
com.mojang.realmsclient.exception.RealmsServiceException: Realms authentication error with message 'java.lang.RuntimeException: Failed to parse into SignedJWT: FabricMC'
	at knot//com.mojang.realmsclient.client.RealmsClient.execute(RealmsClient.java:526)
	at knot//com.mojang.realmsclient.client.RealmsClient.clientCompatible(RealmsClient.java:307)
	at knot//com.mojang.realmsclient.RealmsAvailability.lambda$check$0(RealmsAvailability.java:48)
	at java.base/java.util.concurrent.CompletableFuture$AsyncSupply.run(CompletableFuture.java:1789)
	at java.base/java.util.concurrent.ThreadPoolExecutor.runWorker(ThreadPoolExecutor.java:1090)
	at java.base/java.util.concurrent.ThreadPoolExecutor$Worker.run(ThreadPoolExecutor.java:614)
	at java.base/java.lang.Thread.run(Thread.java:1474)
[08:50:03] [Render thread/INFO] (Minecraft) Loaded 1515 recipes
[08:50:03] [Render thread/INFO] (Minecraft) Loaded 1617 advancements
[08:50:03] [Render thread/INFO] (BiomeModificationImpl) Applied 0 biome modifications to 0 of 65 new biomes in 702.4 μs
[08:50:03] [Server thread/INFO] (Minecraft) Starting integrated minecraft server version 26.1.2
[08:50:03] [Server thread/INFO] (Minecraft) Generating keypair
[08:50:03] [Server thread/INFO] (Minecraft) Loading 0 persistent chunks...
[08:50:03] [Server thread/INFO] (Minecraft) スポーン地点を準備中：16%
[08:50:03] [Server thread/INFO] (Minecraft) Saving chunks for level 'ServerLevel[新規ワールド]'/minecraft:overworld
[08:50:03] [Server thread/INFO] (Minecraft) Saving chunks for level 'ServerLevel[新規ワールド]'/minecraft:the_nether
[08:50:03] [Server thread/INFO] (Minecraft) Saving chunks for level 'ServerLevel[新規ワールド]'/minecraft:the_end
[08:50:03] [Server thread/INFO] (Minecraft) ThreadedAnvilChunkStorage (world): All chunks are saved
[08:50:03] [Server thread/INFO] (Minecraft) ThreadedAnvilChunkStorage (DIM-1): All chunks are saved
[08:50:03] [Server thread/INFO] (Minecraft) ThreadedAnvilChunkStorage (DIM1): All chunks are saved
[08:50:03] [Server thread/INFO] (Minecraft) ThreadedAnvilChunkStorage: All dimensions are saved
[08:50:04] [Server thread/INFO] (Minecraft) Loading 49 chunks for player spawn...
[08:50:04] [Server thread/INFO] (Minecraft) スポーン地点を準備中：16%
[08:50:04] [Server thread/INFO] (Minecraft) Time elapsed: 688 ms
[08:50:04] [Server thread/INFO] (Minecraft) Player833[local:E:bc088732] logged in with entity id 68 at (-2.5, 69.0, 3.5)
[08:50:04] [Server thread/INFO] (Minecraft) Player833がゲームに参加しました
[08:50:04] [Render thread/INFO] (Minecraft) Loaded 2 advancements
[08:50:04] [Server thread/INFO] (Minecraft) Changing view distance to 16, from 10
[08:50:04] [Server thread/INFO] (Minecraft) Changing simulation distance to 12, from 0
[08:50:04] [Render thread/INFO] (Minecraft) Resizing Dynamic Transforms UBO, capacity limit of 2 reached during a single frame. New capacity will be 4.
[08:50:04] [Render thread/INFO] (Minecraft) Resizing Dynamic Transforms UBO, capacity limit of 4 reached during a single frame. New capacity will be 8.
[08:50:04] [Render thread/INFO] (Minecraft) Resizing Dynamic Transforms UBO, capacity limit of 8 reached during a single frame. New capacity will be 16.
[08:50:04] [Render thread/INFO] (Minecraft) Resizing Chunk Sections UBO, capacity limit of 2 reached during a single frame. New capacity will be 8.
[08:50:04] [Render thread/INFO] (Minecraft) Resizing Chunk Sections UBO, capacity limit of 8 reached during a single frame. New capacity will be 16.
[08:50:04] [Render thread/INFO] (Minecraft) Resizing Chunk Sections UBO, capacity limit of 16 reached during a single frame. New capacity will be 32.
[08:50:04] [Render thread/INFO] (Minecraft) Resizing Chunk Sections UBO, capacity limit of 32 reached during a single frame. New capacity will be 64.
[08:50:04] [Render thread/INFO] (Minecraft) Resizing Chunk Sections UBO, capacity limit of 64 reached during a single frame. New capacity will be 128.
[08:50:05] [Render thread/INFO] (Minecraft) Resizing Chunk Sections UBO, capacity limit of 128 reached during a single frame. New capacity will be 256.
[08:50:05] [Render thread/INFO] (Minecraft) Resizing Chunk Sections UBO, capacity limit of 256 reached during a single frame. New capacity will be 512.
[08:50:06] [Render thread/INFO] (Minecraft) Resizing Chunk Sections UBO, capacity limit of 512 reached during a single frame. New capacity will be 1024.
[08:50:09] [Render thread/INFO] (Minecraft) Stopping!
[08:50:09] [Server thread/INFO] (Minecraft) Stopping server
[08:50:09] [Server thread/INFO] (Minecraft) Saving players
[08:50:09] [Server thread/INFO] (Minecraft) Player833 lost connection: 切断されました
[08:50:09] [Server thread/INFO] (Minecraft) Player833がゲームを退出しました
[08:50:09] [Server thread/INFO] (Minecraft) Stopping singleplayer server as player logged out
[08:50:09] [Server thread/INFO] (Minecraft) Saving worlds
[08:50:10] [Server thread/INFO] (Minecraft) Saving chunks for level 'ServerLevel[新規ワールド]'/minecraft:overworld
[08:50:13] [Server thread/INFO] (Minecraft) Saving chunks for level 'ServerLevel[新規ワールド]'/minecraft:the_nether
[08:50:13] [Server thread/INFO] (Minecraft) Saving chunks for level 'ServerLevel[新規ワールド]'/minecraft:the_end
[08:50:13] [Server thread/INFO] (Minecraft) ThreadedAnvilChunkStorage (world): All chunks are saved
[08:50:13] [Server thread/INFO] (Minecraft) ThreadedAnvilChunkStorage (DIM-1): All chunks are saved
[08:50:13] [Server thread/INFO] (Minecraft) ThreadedAnvilChunkStorage (DIM1): All chunks are saved
[08:50:13] [Server thread/INFO] (Minecraft) ThreadedAnvilChunkStorage: All dimensions are saved
